app/build/outputs/logs/manifest-merger-debug-report.txt
-- Merging decision tree log ---
manifest
ADDED from src\main\AndroidManifest.xml:2:1-69:12
	package
		ADDED from src\main\AndroidManifest.xml:4:5-33
		INJECTED from src\main\AndroidManifest.xml
		INJECTED from src\main\AndroidManifest.xml
	android:versionName
		INJECTED from src\main\AndroidManifest.xml
		INJECTED from src\main\AndroidManifest.xml
	xmlns:tools
		ADDED from src\main\AndroidManifest.xml:3:5-51
	xmlns:android
		ADDED from src\main\AndroidManifest.xml:2:11-69
	android:versionCode
		INJECTED from src\main\AndroidManifest.xml
		INJECTED from src\main\AndroidManifest.xml
uses-permission#android.permission.WRITE_EXTERNAL_STORAGE
ADDED from src\main\AndroidManifest.xml:6:5-81
	android:name
		ADDED from src\main\AndroidManifest.xml:6:22-78
uses-permission#android.permission.READ_EXTERNAL_STORAGE
ADDED from src\main\AndroidManifest.xml:7:5-80
	android:name
		ADDED from src\main\AndroidManifest.xml:7:22-77
uses-permission#android.permission.INTERNET
ADDED from src\main\AndroidManifest.xml:8:5-67
MERGED from [com.google.android.gms:play-services-ads-lite:11.2.0] AndroidManifest.xml:19:5-66
	android:name
		ADDED from src\main\AndroidManifest.xml:8:22-64
uses-permission#android.permission.CHANGE_CONFIGURATION
ADDED from src\main\AndroidManifest.xml:9:5-79
	android:name
		ADDED from src\main\AndroidManifest.xml:9:22-76
uses-permission#android.permission.CAMERA
ADDED from src\main\AndroidManifest.xml:10:5-65
	android:name
		ADDED from src\main\AndroidManifest.xml:10:22-62
uses-permission#android.permission.EXPAND_STATUS_BAR
ADDED from src\main\AndroidManifest.xml:11:5-76
MERGED from [ShareBox:easyserver:unspecified] AndroidManifest.xml:15:5-76
	android:name
		ADDED from src\main\AndroidManifest.xml:11:22-73
uses-permission#android.permission.READ_PHONE_STATE
ADDED from src\main\AndroidManifest.xml:14:5-75
	android:name
		ADDED from src\main\AndroidManifest.xml:14:22-72
uses-permission#android.permission.ACCESS_NETWORK_STATE
ADDED from src\main\AndroidManifest.xml:16:5-79
MERGED from [ShareBox:channellibrary:unspecified] AndroidManifest.xml:13:5-79
MERGED from [com.google.android.gms:play-services-ads-lite:11.2.0] AndroidManifest.xml:20:5-78
MERGED from [ShareBox:easyserver:unspecified] AndroidManifest.xml:13:5-79
	android:name
		ADDED from src\main\AndroidManifest.xml:16:22-76
uses-permission#android.permission.ACCESS_WIFI_STATE
ADDED from src\main\AndroidManifest.xml:17:5-76
MERGED from [ShareBox:channellibrary:unspecified] AndroidManifest.xml:11:5-76
MERGED from [ShareBox:easyserver:unspecified] AndroidManifest.xml:11:5-76
	android:name
		ADDED from src\main\AndroidManifest.xml:17:22-73
uses-permission#android.permission.READ_LOGS
ADDED from src\main\AndroidManifest.xml:18:5-68
	android:name
		ADDED from src\main\AndroidManifest.xml:18:22-65
application
ADDED from src\main\AndroidManifest.xml:20:5-67:19
MERGED from [ShareBox:channellibrary:unspecified] AndroidManifest.xml:16:5-21:19
MERGED from [ShareBox:circularprogresslibrary:unspecified] AndroidManifest.xml:12:5-20
MERGED from [ShareBox:ijkplayer-exo:unspecified] AndroidManifest.xml:11:5-14:19
MERGED from [ShareBox:ijkplayer-java:unspecified] AndroidManifest.xml:11:5-14:19
MERGED from [com.android.support:design:24.2.0] AndroidManifest.xml:22:5-20
MERGED from [de.hdodenhof:circleimageview:2.1.0] AndroidManifest.xml:9:5-20
MERGED from [com.google.android.gms:play-services-ads-lite:11.2.0] AndroidManifest.xml:23:5-26:19
MERGED from [com.google.android.gms:play-services-gass:11.2.0] AndroidManifest.xml:4:5-19
MERGED from [com.google.android.gms:play-services-basement:11.2.0] AndroidManifest.xml:19:5-21:19
MERGED from [ShareBox:easyserver:unspecified] AndroidManifest.xml:17:5-24:19
MERGED from [com.android.support:appcompat-v7:24.2.0] AndroidManifest.xml:25:5-20
MERGED from [com.android.support:animated-vector-drawable:24.2.0] AndroidManifest.xml:22:5-20
MERGED from [com.android.support:support-vector-drawable:24.2.0] AndroidManifest.xml:23:5-20
MERGED from [com.android.support:support-v4:25.2.0] AndroidManifest.xml:25:5-20
MERGED from [com.android.support:support-fragment:25.2.0] AndroidManifest.xml:25:5-20
MERGED from [com.android.support:support-media-compat:25.2.0] AndroidManifest.xml:25:5-20
MERGED from [com.android.support:support-core-ui:25.2.0] AndroidManifest.xml:25:5-20
MERGED from [com.android.support:support-core-utils:25.2.0] AndroidManifest.xml:25:5-20
MERGED from [com.android.support:support-compat:25.2.0] AndroidManifest.xml:25:5-20
	android:label
		ADDED from src\main\AndroidManifest.xml:24:9-41
	android:supportsRtl
		ADDED from src\main\AndroidManifest.xml:25:9-35
	android:allowBackup
		ADDED from src\main\AndroidManifest.xml:22:9-35
	android:icon
		ADDED from src\main\AndroidManifest.xml:23:9-43
	android:theme
		ADDED from src\main\AndroidManifest.xml:26:9-40
	android:name
		ADDED from src\main\AndroidManifest.xml:21:9-40
activity#com.ecjtu.sharebox.ui.activity.MainActivity
ADDED from src\main\AndroidManifest.xml:27:9-36:20
	android:launchMode
		ADDED from src\main\AndroidManifest.xml:29:13-48
	android:theme
		ADDED from src\main\AndroidManifest.xml:30:13-55
	android:name
		ADDED from src\main\AndroidManifest.xml:28:13-53
intent-filter#android.intent.action.MAIN+android.intent.category.LAUNCHER
ADDED from src\main\AndroidManifest.xml:31:13-35:29
action#android.intent.action.MAIN
ADDED from src\main\AndroidManifest.xml:32:17-69
	android:name
		ADDED from src\main\AndroidManifest.xml:32:25-66
category#android.intent.category.LAUNCHER
ADDED from src\main\AndroidManifest.xml:34:17-77
	android:name
		ADDED from src\main\AndroidManifest.xml:34:27-74
activity#com.ecjtu.sharebox.ui.activity.ImmersiveFragmentActivity
ADDED from src\main\AndroidManifest.xml:38:9-40:58
	android:theme
		ADDED from src\main\AndroidManifest.xml:40:13-55
	android:name
		ADDED from src\main\AndroidManifest.xml:39:13-66
activity#com.ecjtu.sharebox.ui.activity.TestActivity
ADDED from src\main\AndroidManifest.xml:41:9-43:39
	android:exported
		ADDED from src\main\AndroidManifest.xml:43:13-36
	android:name
		ADDED from src\main\AndroidManifest.xml:42:13-53
service#com.ecjtu.sharebox.service.DaemonService
ADDED from src\main\AndroidManifest.xml:45:9-47:41
	android:process
		ADDED from src\main\AndroidManifest.xml:47:13-38
	android:name
		ADDED from src\main\AndroidManifest.xml:46:13-50
service#com.ecjtu.sharebox.service.MainService
ADDED from src\main\AndroidManifest.xml:49:9-56
	android:name
		ADDED from src\main\AndroidManifest.xml:49:18-53
activity#com.ecjtu.sharebox.ui.activity.TestActivityJava
ADDED from src\main\AndroidManifest.xml:51:9-53:39
	android:exported
		ADDED from src\main\AndroidManifest.xml:53:13-36
	android:name
		ADDED from src\main\AndroidManifest.xml:52:13-57
activity#com.ecjtu.sharebox.ui.activity.SettingsActivity
ADDED from src\main\AndroidManifest.xml:54:9-58:57
	android:label
		ADDED from src\main\AndroidManifest.xml:57:13-60
	android:exported
		ADDED from src\main\AndroidManifest.xml:56:13-36
	android:theme
		ADDED from src\main\AndroidManifest.xml:58:13-54
	android:name
		ADDED from src\main\AndroidManifest.xml:55:13-57
activity#com.ecjtu.sharebox.ui.activity.ActionBarFragmentActivity
ADDED from src\main\AndroidManifest.xml:59:9-62:57
	android:exported
		ADDED from src\main\AndroidManifest.xml:61:13-36
	android:theme
		ADDED from src\main\AndroidManifest.xml:62:13-54
	android:name
		ADDED from src\main\AndroidManifest.xml:60:13-66
activity#com.ecjtu.sharebox.ui.activity.RotateNoCreateActivity
ADDED from src\main\AndroidManifest.xml:64:9-66:76
	android:configChanges
		ADDED from src\main\AndroidManifest.xml:66:13-74
	android:theme
		ADDED from src\main\AndroidManifest.xml:65:13-55
	android:name
		ADDED from src\main\AndroidManifest.xml:64:19-69
uses-sdk
INJECTED from src\main\AndroidManifest.xml reason: use-sdk injection requested
MERGED from [ShareBox:channellibrary:unspecified] AndroidManifest.xml:7:5-9:41
MERGED from [ShareBox:circularprogresslibrary:unspecified] AndroidManifest.xml:8:5-10:41
MERGED from [ShareBox:materialstepper:unspecified] AndroidManifest.xml:8:5-10:41
MERGED from [ShareBox:ijkplayer-exo:unspecified] AndroidManifest.xml:7:5-9:41
MERGED from [com.google.android.exoplayer:exoplayer:r1.5.11] AndroidManifest.xml:24:5-26:41
MERGED from [ShareBox:ijkplayer-java:unspecified] AndroidManifest.xml:7:5-9:41
MERGED from [com.android.support:design:24.2.0] AndroidManifest.xml:20:5-43
MERGED from [com.android.support:recyclerview-v7:24.2.0] AndroidManifest.xml:20:5-43
MERGED from [de.hdodenhof:circleimageview:2.1.0] AndroidManifest.xml:5:5-7:41
MERGED from [com.tencent.bugly:crashreport:2.6.5] AndroidManifest.xml:5:5-7:41
MERGED from [com.google.android.gms:play-services-ads:11.2.0] AndroidManifest.xml:17:5-94
MERGED from [com.google.android.gms:play-services-ads-lite:11.2.0] AndroidManifest.xml:22:5-43
MERGED from [com.google.android.gms:play-services-gass:11.2.0] AndroidManifest.xml:3:5-43
MERGED from [com.google.android.gms:play-services-basement:11.2.0] AndroidManifest.xml:17:5-43
MERGED from [ShareBox:easyserver:unspecified] AndroidManifest.xml:7:5-9:41
MERGED from [com.android.support:appcompat-v7:24.2.0] AndroidManifest.xml:21:5-23:78
MERGED from [com.android.support:animated-vector-drawable:24.2.0] AndroidManifest.xml:20:5-44
MERGED from [com.android.support:support-vector-drawable:24.2.0] AndroidManifest.xml:21:5-43
MERGED from [com.android.support:support-v4:25.2.0] AndroidManifest.xml:21:5-23:54
MERGED from [com.android.support:support-fragment:25.2.0] AndroidManifest.xml:21:5-23:60
MERGED from [com.android.support:support-media-compat:25.2.0] AndroidManifest.xml:21:5-23:63
MERGED from [com.android.support:support-core-ui:25.2.0] AndroidManifest.xml:21:5-23:58
MERGED from [com.android.support:support-core-utils:25.2.0] AndroidManifest.xml:21:5-23:61
MERGED from [com.android.support:support-compat:25.2.0] AndroidManifest.xml:21:5-23:58
	tools:overrideLibrary
		ADDED from [com.google.android.gms:play-services-ads:11.2.0] AndroidManifest.xml:17:42-92
	android:targetSdkVersion
		INJECTED from src\main\AndroidManifest.xml
		INJECTED from src\main\AndroidManifest.xml
	android:minSdkVersion
		INJECTED from src\main\AndroidManifest.xml
		INJECTED from src\main\AndroidManifest.xml
uses-permission#android.permission.CHANGE_NETWORK_STATE
ADDED from [ShareBox:channellibrary:unspecified] AndroidManifest.xml:12:5-79
MERGED from [ShareBox:easyserver:unspecified] AndroidManifest.xml:12:5-79
	android:name
		ADDED from [ShareBox:channellibrary:unspecified] AndroidManifest.xml:12:22-76
uses-permission#android.permission.CHANGE_WIFI_STATE
ADDED from [ShareBox:channellibrary:unspecified] AndroidManifest.xml:14:5-76
MERGED from [ShareBox:easyserver:unspecified] AndroidManifest.xml:14:5-76
	android:name
		ADDED from [ShareBox:channellibrary:unspecified] AndroidManifest.xml:14:22-73
service#org.ecjtu.channellibrary.wifidirect.WifiDirectService
ADDED from [ShareBox:channellibrary:unspecified] AndroidManifest.xml:20:9-89
	android:name
		ADDED from [ShareBox:channellibrary:unspecified] AndroidManifest.xml:20:18-86
activity#com.google.android.gms.ads.AdActivity
ADDED from [com.google.android.gms:play-services-ads-lite:11.2.0] AndroidManifest.xml:25:9-257
	android:exported
		ADDED from [com.google.android.gms:play-services-ads-lite:11.2.0] AndroidManifest.xml:25:231-255
	android:configChanges
		ADDED from [com.google.android.gms:play-services-ads-lite:11.2.0] AndroidManifest.xml:25:72-181
	android:theme
		ADDED from [com.google.android.gms:play-services-ads-lite:11.2.0] AndroidManifest.xml:25:182-230
	android:name
		ADDED from [com.google.android.gms:play-services-ads-lite:11.2.0] AndroidManifest.xml:25:19-71
meta-data#com.google.android.gms.version
ADDED from [com.google.android.gms:play-services-basement:11.2.0] AndroidManifest.xml:20:9-121
	android:value
		ADDED from [com.google.android.gms:play-services-basement:11.2.0] AndroidManifest.xml:20:66-119
	android:name
		ADDED from [com.google.android.gms:play-services-basement:11.2.0] AndroidManifest.xml:20:20-65
service#org.ecjtu.easyserver.server.impl.service.EasyServerService
ADDED from [ShareBox:easyserver:unspecified] AndroidManifest.xml:21:9-23:39
	android:process
		ADDED from [ShareBox:easyserver:unspecified] AndroidManifest.xml:23:13-36
	android:name
		ADDED from [ShareBox:easyserver:unspecified] AndroidManifest.xml:22:13-86